<?xml version="1.0" encoding="UTF-8"?>
<!-- Generated by org.testng.reporters.JUnitXMLReporter -->
<testsuite hostname="DESKTOP-J8CIK74" name="Login Test" tests="2" failures="1" timestamp="15 Feb 2020 03:42:14 GMT" time="75.01" errors="0">
  <testcase name="LoginTest" time="10.964" classname="com.OrangeHRM.TestCases.TC_LoginTest_001"/>
  <testcase name="addemployee" time="25.853" classname="com.OrangeHRM.TestCases.TC_AddEmployeeTest_003">
    <failure type="java.lang.AssertionError" message="expected [true] but found [false]">
      <![CDATA[java.lang.AssertionError: expected [true] but found [false]
	at com.OrangeHRM.TestCases.TC_AddEmployeeTest_003.addemployee(TC_AddEmployeeTest_003.java:70)
... Removed 31 stack frames]]>
    </failure>
  </testcase> <!-- addemployee -->
</testsuite> <!-- Login Test -->
