<?xml version="1.0" encoding="UTF-8"?>
<!-- Generated by org.testng.reporters.JUnitXMLReporter -->
<testsuite hostname="DESKTOP-J8CIK74" ignored="0" name="Login Test" tests="2" failures="1" timestamp="14 Feb 2020 14:09:58 GMT" time="64.738" errors="0">
  <testcase name="LoginTest" time="6.795" classname="com.OrangeHRM.TestCases.TC_LoginTest_001"/>
  <testcase name="addemployee" time="22.649" classname="com.OrangeHRM.TestCases.TC_AddEmployeeTest_003">
    <failure type="java.lang.AssertionError" message="expected [true] but found [false]">
      <![CDATA[java.lang.AssertionError: expected [true] but found [false]
at com.OrangeHRM.TestCases.TC_AddEmployeeTest_003.addemployee(TC_AddEmployeeTest_003.java:75)
... Removed 29 stack frames]]>
    </failure>
  </testcase> <!-- addemployee -->
</testsuite> <!-- Login Test -->
